2019-04-21 21:33:11,451 - [rest_phonebook_functions - 13 - create_phonebook()] - INFO - Creation of Phonebook
2019-04-21 21:33:13,788 - [rest_phonebook_functions - 27 - create_phonebook()] - INFO - Phonebook has been created returning JSON object
2019-04-21 21:33:13,788 - [rest_phonebook_functions - 28 - create_phonebook()] - INFO - {'url': 'https://api.callhub.io/v1/phonebooks/2027044806588368030/', 'id': 2027044806588368030, 'pk_str': '2027044806588368030', 'owner': 'rajitchatterjee1994@gmail.com', 'name': 'CallHub QA Test', 'description': 'this is created through api', 'created_date': '2019-04-21T16:03:13.005515Z', 'count': '0', 'sms_count': '0', 'status': 1}
2019-04-21 21:33:13,790 - [rest_phonebook_functions - 33 - get_phonebook()] - INFO - Getting Phonebook
2019-04-21 21:33:13,791 - [rest_phonebook_functions - 34 - get_phonebook()] - INFO - ________________________
2019-04-21 21:33:15,951 - [rest_phonebook_functions - 40 - get_phonebook()] - INFO - {'url': 'https://api.callhub.io/v1/phonebooks/2027044806588368030/', 'id': 2027044806588368030, 'pk_str': '2027044806588368030', 'owner': 'rajitchatterjee1994@gmail.com', 'name': 'CallHub QA Test', 'description': 'this is created through api', 'created_date': '2019-04-21T16:03:13.005515Z', 'count': '0', 'sms_count': '0', 'status': 1}
2019-04-21 21:33:15,952 - [api_validation - 10 - validate_json()] - INFO - Phonebook validation is in progress
2019-04-21 21:33:15,952 - [api_validation - 20 - validate_json()] - INFO - Validation Passed
2019-04-21 21:33:15,952 - [rest_phonebook_functions - 45 - create_tags()] - INFO - Creation of Tag
2019-04-21 21:33:15,953 - [rest_phonebook_functions - 47 - create_tags()] - INFO - ________________________
2019-04-21 21:33:18,077 - [rest_phonebook_functions - 54 - create_tags()] - INFO - {'id': 2027044842592273567, 'pk_str': '2027044842592273567', 'name': 'testing', 'crm_id': None, 'crm_type': 1, 'contact': [], 'created_date': '2019-04-21T16:03:17.297929Z', 'updated_date': '2019-04-21T16:03:17.297958Z'}
2019-04-21 21:33:20,200 - [api_validation - 27 - validate_tags()] - INFO - Tags validation is in progress
2019-04-21 21:33:20,200 - [api_validation - 34 - validate_tags()] - INFO - Validation passed
2019-04-21 21:33:22,413 - [rest_phonebook_functions - 75 - create_phonebook_contact()] - INFO - Contact is created inside the phonebook
2019-04-21 21:33:22,414 - [rest_phonebook_functions - 76 - create_phonebook_contact()] - INFO - {'url': 'https://api.callhub.io/v1/phonebooks/2027044806588368030/', 'id': 2027044806588368030, 'pk_str': '2027044806588368030', 'owner': 'rajitchatterjee1994@gmail.com', 'name': 'CallHub QA Test', 'description': 'this is created through api', 'created_date': '2019-04-21T16:03:13.005515Z', 'count': '1', 'sms_count': '1', 'status': 1, 'contact': {'url': 'https://api.callhub.io/v1/contacts/2027044878705231008/', 'id': 2027044878705231008, 'pk_str': '2027044878705231008', 'owner': 'rajitchatterjee1994@gmail.com', 'phonebooks': ['https://api.callhub.io/v1/phonebooks/2027044806588368030/'], 'contact': '919742252770', 'mobile': '919742252770', 'last_name': 'Chatterjee', 'first_name': 'Rajit', 'country_code': 'IN', 'email': 'rajit.chatterjee@gmail.com', 'created_date': '2019-04-21T16:03:21.604221Z', 'address': 'Bangalore', 'city': 'Bangalore', 'tags': [], 'state': 'KA', 'zipcode': None, 'company_name': 'Infosys', 'company_website': 'http://www.infosys.com/', 'job_title': 'SSE', 'custom_fields': None}}
2019-04-21 21:33:24,538 - [api_validation - 41 - validate_contacts()] - INFO - Contact validation is in progress
2019-04-21 21:33:24,539 - [api_validation - 48 - validate_contacts()] - INFO - Validation passed
2019-04-21 21:33:26,696 - [rest_phonebook_functions - 75 - create_phonebook_contact()] - INFO - Contact is created inside the phonebook
2019-04-21 21:33:26,696 - [rest_phonebook_functions - 76 - create_phonebook_contact()] - INFO - {'url': 'https://api.callhub.io/v1/phonebooks/2027044806588368030/', 'id': 2027044806588368030, 'pk_str': '2027044806588368030', 'owner': 'rajitchatterjee1994@gmail.com', 'name': 'CallHub QA Test', 'description': 'this is created through api', 'created_date': '2019-04-21T16:03:13.005515Z', 'count': '2', 'sms_count': '2', 'status': 1, 'contact': {'url': 'https://api.callhub.io/v1/contacts/2027044914667193506/', 'id': 2027044914667193506, 'pk_str': '2027044914667193506', 'owner': 'rajitchatterjee1994@gmail.com', 'phonebooks': ['https://api.callhub.io/v1/phonebooks/2027044806588368030/'], 'contact': '919742257487', 'mobile': '919742257487', 'last_name': 'Dutta', 'first_name': 'Sourjya', 'country_code': 'IN', 'email': 'sourjyadutta@gmeil.com', 'created_date': '2019-04-21T16:03:25.891462Z', 'address': 'Bangalore', 'city': 'Bangalore', 'tags': [], 'state': 'KA', 'zipcode': None, 'company_name': 'Infosys', 'company_website': 'http://www.infosys.com/', 'job_title': 'SSE', 'custom_fields': None}}
2019-04-21 21:33:28,853 - [api_validation - 41 - validate_contacts()] - INFO - Contact validation is in progress
2019-04-21 21:33:28,854 - [api_validation - 48 - validate_contacts()] - INFO - Validation passed
2019-04-21 21:33:31,016 - [rest_phonebook_functions - 97 - update_contact()] - INFO - {'url': 'https://api.callhub.io/v1/contacts/2027044914667193506/', 'id': 2027044914667193506, 'pk_str': '2027044914667193506', 'owner': 'rajitchatterjee1994@gmail.com', 'phonebooks': ['https://api.callhub.io/v1/phonebooks/2027044806588368030/'], 'contact': '919742257487', 'mobile': None, 'last_name': 'Dutta', 'first_name': 'Sourjya', 'country_code': 'IN', 'email': 'sourjyadutta@gmeil.com', 'created_date': '2019-04-21T16:03:25.891462Z', 'address': 'kolkata', 'city': 'Bangalore', 'tags': [], 'state': 'KA', 'zipcode': None, 'company_name': 'Infosys', 'company_website': 'http://www.infosys.com/', 'job_title': 'SSE', 'custom_fields': None}
2019-04-21 21:33:33,183 - [rest_phonebook_functions - 105 - get_updated_contact()] - INFO - {'url': 'https://api.callhub.io/v1/contacts/2027044914667193506/', 'id': 2027044914667193506, 'pk_str': '2027044914667193506', 'owner': 'rajitchatterjee1994@gmail.com', 'phonebooks': ['https://api.callhub.io/v1/phonebooks/2027044806588368030/'], 'contact': '919742257487', 'mobile': None, 'last_name': 'Dutta', 'first_name': 'Sourjya', 'country_code': 'IN', 'email': 'sourjyadutta@gmeil.com', 'created_date': '2019-04-21T16:03:25.891462Z', 'address': 'kolkata', 'city': 'Bangalore', 'tags': [], 'state': 'KA', 'zipcode': None, 'company_name': 'Infosys', 'company_website': 'http://www.infosys.com/', 'job_title': 'SSE', 'custom_fields': None}
2019-04-21 21:33:33,184 - [api_validation - 12 - validate_json()] - INFO - Updated contacts' validation is in progress
2019-04-21 21:33:33,184 - [api_validation - 20 - validate_json()] - INFO - Validation Passed
